

     *****************************************************************
     *                     CHEMKIN Release 4.1.1                     *
     *                       CHEM Application                        *
     *                GAS-PHASE MECHANISM INTERPRETER                *
     * Copyright(c) 1997-2007 Reaction Design.  All Rights Reserved. *
     *****************************************************************



Initializing CHEMKIN Gas-phase Interpreter, a component of CHEMKIN Release 4.1.1.  Build date: Aug 6, 2007
This and All Other CHEMKIN(R) Libraries are Copyright (c) 1997-2006 Reaction Design.  All rights reserved.


LICENSE INFORMATION: 
 

LicNum: 2190
 Licensed to Universiteit Gent
 Contact: Guy Marin
 Expiring: 31-mar-2011
                                                                                                                                                                                                                                                                                                                                                                                                                                         

                WORKING SPACE REQUIREMENTS
                 PROVIDED        REQUIRED 
 LOGICAL               10             10
 INTEGER              645            645
 REAL                 926            926
 CHARACTER            118            118

This problem requires      0.007MB of memory for the REAL array.
                          --------------------
                          ELEMENTS     ATOMIC
                          CONSIDERED   WEIGHT
                          --------------------
                           1. H       1.00797    
                           2. C       12.0112    
                           3. O       15.9994    
                           4. N       14.0067    
                           5. NE      20.1830    
                           6. AR      39.9480    
                           7. HE      4.00260    
                           8. SI      28.0860    
                           9. S       32.0640    
                          --------------------
 -------------------------------------------------------------------------------
                          C
                       P  H
                       H  A
                       A  R
 SPECIES               S  G  MOLECULAR  TEMPERATURE  ELEMENT COUNT
 CONSIDERED            E  E  WEIGHT     LOW    HIGH          H         C         O         N         NE        AR        HE        SI        S 
 -------------------------------------------------------------------------------
   1. pinanol(1)       G  0 1.5425E+02   300   5000         18        10         1         0         0         0         0         0         0
   2. ISOLINALOOL      G  0 1.5425E+02   300   5000         18        10         1         0         0         0         0         0         0
   3. LINALOOL         G  0 1.5425E+02   300   5000         18        10         1         0         0         0         0         0         0
   4. CH4(5)           G  0 1.6043E+01   300   5000          4         1         0         0         0         0         0         0         0
   5. BIRAD1           G  0 1.5425E+02   300   5000         18        10         1         0         0         0         0         0         0
   6. BIRAD2           G  0 1.5425E+02   300   5000         18        10         1         0         0         0         0         0         0
   7. TERPINEOL        G  0 1.5425E+02   300   5000         18        10         1         0         0         0         0         0         0
   8. PLINOL           G  0 1.5425E+02   300   5000         18        10         1         0         0         0         0         0         0
   9. ISOPLINOL        G  0 1.5425E+02   300   5000         18        10         1         0         0         0         0         0         0
  10. DMO              G  0 1.5425E+02   300   5000         18        10         1         0         0         0         0         0         0
 -------------------------------------------------------------------------------



                                                      (k = A T**b exp(-E/RT))
      REACTIONS CONSIDERED                              A        b        E

   1. pinanol(1)<=>BIRAD1                            1.30E+14    0.0      200.0
   2. pinanol(1)<=>BIRAD2                            1.00E+14    0.0      200.0
   3. BIRAD1<=>LINALOOL                              1.00E+14    0.0      200.0
   4. LINALOOL<=>PLINOL                              3.63E+07    0.0      113.4
   5. ISOLINALOOL<=>ISOPLINOL                        3.63E+07    0.0      113.4
   6. ISOPLINOL<=>DMO                                3.63E+07    0.0      113.4
   7. BIRAD1<=>TERPINEOL                             1.00E+11    0.0      180.0
   8. BIRAD2<=>ISOLINALOOL                           1.00E+14    0.0      240.0

  NOTE: A units mole-cm-sec-K, E units KJoule/mole



 NO ERRORS FOUND ON INPUT: 
 ASCII Vers. 1.3 CHEMKIN linkfile chem.asc written.


      NOTE (for information purposes only),
      the following species do not participate in any reaction:
      CH4(5)          

 GAS PHASE WORKING SPACE REQUIREMENTS ARE
    INTEGER:      367
    REAL:         346
    CHARACTER:     19

 Total CPUtime: 1 second or less
