

     *****************************************************************
     *                     CHEMKIN Release 4.1.1                     *
     *                      AURORA Application                       *
     *         PERFECTLY STIRRED OR PLUG FLOW REACTOR MODEL          *
     * Copyright(c) 1997-2007 Reaction Design.  All Rights Reserved. *
     *****************************************************************



                WORKING SPACE REQUIREMENTS
                 PROVIDED        REQUIRED 
 LOGICAL              842            842
 INTEGER          1218466        1218466
 REAL            13982155       13982155
 CHARACTER            799            799

This problem requires    106.675MB of memory for the REAL array.

Initializing CHEMKIN Gas-phase Library, a component of CHEMKIN Release 4.1.1.  Build date: Aug 6, 2007
This and All Other CHEMKIN(R) Libraries are Copyright (c) 1997-2007 Reaction Design.  All rights reserved.


LICENSE INFORMATION: 
 

LicNum: 2190
 Licensed to Universiteit Gent
 Contact: Guy Marin
 Expiring: 31-mar-2011
                                                                                                                                                                                                                                                                                                                                                                                                                                         

           KEYWORD INPUT 

          MOMEN ON   ! Turn on Momentum Equation                                                                                                                                                                                                                                                                      
          PLUG   ! Plug Flow Reactor                                                                                                                                                                                                                                                                                  
          RTIME ON   ! Turn on Residence Time Calculation                                                                                                                                                                                                                                                             
          TGIV   ! Fix Gas Temperature                                                                                                                                                                                                                                                                                
          VIS 0.0   ! Mixture Viscosity (g/cm-sec)                                                                                                                                                                                                                                                                    
          GFAC 1.0   ! Gas Reaction Rate Multiplier                                                                                                                                                                                                                                                                   
          XSTR 0.0   ! Starting Axial Position (cm)                                                                                                                                                                                                                                                                   
          FLRT 0.06748333333333334                                                                                                                                                                                                                                                                                    
          PPRO 0.0 1.677769553417222                                                                                                                                                                                                                                                                                  
          PPRO 147.5 1.677769553417222                                                                                                                                                                                                                                                                                
          TPRO 0.0 673.15                                                                                                                                                                                                                                                                                             
  WARNING... OTHER GAS-ENERGY RELATED PROBLEM TYPE HAS
   BEEN GIVEN, THEY WILL BE MODIFIED OR OVERWRITTEN BY  THIS KEYWORD
          TPRO 19.0 715.15                                                                                                                                                                                                                                                                                            
          TPRO 38.0 879.85                                                                                                                                                                                                                                                                                            
          TPRO 48.0 1032.4499999999998                                                                                                                                                                                                                                                                                
          TPRO 67.0 1091.25                                                                                                                                                                                                                                                                                           
          TPRO 86.0 1032.65                                                                                                                                                                                                                                                                                           
          TPRO 105.0 1008.55                                                                                                                                                                                                                                                                                          
          TPRO 124.0 1034.25                                                                                                                                                                                                                                                                                          
          TPRO 143.0 941.65                                                                                                                                                                                                                                                                                           
          TPRO 147.5 773.55                                                                                                                                                                                                                                                                                           
          DIAM 0.6                                                                                                                                                                                                                                                                                                    
          XEND 1000.0                                                                                                                                                                                                                                                                                                 
          REAC nC4H10O 1.0                                                                                                                                                                                                                                                                                            
          END                                                                                                                                                                                                                                                                                                         
 PLUG WARNING: MOMENTUM EQ IS TURNED OFF BECAUSE
          - PRESSURE PROFILE IS SPECIFIED
 PLUG WARNING: VISC IS IGNORED BECAUSE MOMENTUM EQ
               IS TURNED OFF BY PRESSURE PROFILE.

========================================================================================================================
     KINETICS MECHANISM:
        Total number of gas phase species     =  261
        Total number of gas phase reactions     = 3281
        Total number of surface materials =    1

        Material:  MATERIAL1 
          Total number of surface phase species =    0
          Total number of surface phases =    0
          Total number of bulk phase species =    0
          Total number of bulk phases =    0
          Total number of surface phase reactions =    0
========================================================================================================================


========================================================================================================================
     REACTOR #    1 CONDITIONS FOR INLET NAMED: INLET1
          Inlet mass flow rate =   6.748E-02 gm/sec
               (which, based on an estimated reactor density =   2.251E-03 gm/cm^3 
                       and  on a residence time  =    0.00     sec
                      produces an estimated reactor volume) =    283.     cm^3 


          Inlet temperature =  673.15     Kelvin
          Inlet pressure (assumed equal to reactor pressure) =    1.68     atm
          Inlet density = 2.25143E-03 gm/cm^3 
          Inlet mean molecular weight =  74.124     gm/mole
          Inlet molar flow rate      = 9.10415E-04 moles/sec
          Inlet volumetric flow rate =  29.974     cm^3/sec 
               (based on reactor pressure and inlet temperature)
                                     =  1336.4     SCCM
                                     =  1.3364     SLPM

     INLET CONDITIONS FOR GAS PHASE MOLECULAR SPECIES IN INLET1

   Species        mole_frac     moles/sec       gm/sec       cm^3/sec        SCCM            SLPM
------------------------------------------------------------------------------------------------------
    H2            0.0000        0.0000        0.0000        0.0000        0.0000        0.0000    
    CO2           0.0000        0.0000        0.0000        0.0000        0.0000        0.0000    
    CO            0.0000        0.0000        0.0000        0.0000        0.0000        0.0000    
    CH4           0.0000        0.0000        0.0000        0.0000        0.0000        0.0000    
    C2H4          0.0000        0.0000        0.0000        0.0000        0.0000        0.0000    
    C2H2          0.0000        0.0000        0.0000        0.0000        0.0000        0.0000    
    C2H6          0.0000        0.0000        0.0000        0.0000        0.0000        0.0000    
    C3H6          0.0000        0.0000        0.0000        0.0000        0.0000        0.0000    
    C3H8          0.0000        0.0000        0.0000        0.0000        0.0000        0.0000    
    aC3H4         0.0000        0.0000        0.0000        0.0000        0.0000        0.0000    
    pC3H4         0.0000        0.0000        0.0000        0.0000        0.0000        0.0000    
    CH3OH         0.0000        0.0000        0.0000        0.0000        0.0000        0.0000    
    C4H8-1        0.0000        0.0000        0.0000        0.0000        0.0000        0.0000    
    C4H6-13       0.0000        0.0000        0.0000        0.0000        0.0000        0.0000    
    nC4H10        0.0000        0.0000        0.0000        0.0000        0.0000        0.0000    
    N2            0.0000        0.0000        0.0000        0.0000        0.0000        0.0000    
    C2H5OH        0.0000        0.0000        0.0000        0.0000        0.0000        0.0000    
    benzene       0.0000        0.0000        0.0000        0.0000        0.0000        0.0000    
    nC4H10O       1.0000       9.10415E-04   6.74833E-02    29.974        1336.4        1.3364    
    C2H3          0.0000        0.0000        0.0000        0.0000        0.0000        0.0000    
    CH2CO         0.0000        0.0000        0.0000        0.0000        0.0000        0.0000    
    C2H4O         0.0000        0.0000        0.0000        0.0000        0.0000        0.0000    
    CH3CHO        0.0000        0.0000        0.0000        0.0000        0.0000        0.0000    
    H2O           0.0000        0.0000        0.0000        0.0000        0.0000        0.0000    
    nC4H8O        0.0000        0.0000        0.0000        0.0000        0.0000        0.0000    
    C4H7OJ(8)     0.0000        0.0000        0.0000        0.0000        0.0000        0.0000    
    C4H7OJ(12)    0.0000        0.0000        0.0000        0.0000        0.0000        0.0000    
    C4H7OJ(13)    0.0000        0.0000        0.0000        0.0000        0.0000        0.0000    
    C4H7OJ(16)    0.0000        0.0000        0.0000        0.0000        0.0000        0.0000    
    CH2CHO        0.0000        0.0000        0.0000        0.0000        0.0000        0.0000    
    C3H6O-enol    0.0000        0.0000        0.0000        0.0000        0.0000        0.0000    
    C3H5O-enol    0.0000        0.0000        0.0000        0.0000        0.0000        0.0000    
    CH2O          0.0000        0.0000        0.0000        0.0000        0.0000        0.0000    
    C4H8O-enol    0.0000        0.0000        0.0000        0.0000        0.0000        0.0000    
    C4H8O-enol    0.0000        0.0000        0.0000        0.0000        0.0000        0.0000    
    C4H8O-enol    0.0000        0.0000        0.0000        0.0000        0.0000        0.0000    
    C4H9O-1       0.0000        0.0000        0.0000        0.0000        0.0000        0.0000    
    C4H9O-2       0.0000        0.0000        0.0000        0.0000        0.0000        0.0000    
    C4H9O-3       0.0000        0.0000        0.0000        0.0000        0.0000        0.0000    
    C4H9O-4       0.0000        0.0000        0.0000        0.0000        0.0000        0.0000    
    C4H9O-5       0.0000        0.0000        0.0000        0.0000        0.0000        0.0000    
    C3H7O-N1      0.0000        0.0000        0.0000        0.0000        0.0000        0.0000    
    C3H5OJ(8)     0.0000        0.0000        0.0000        0.0000        0.0000        0.0000    
    C3H5OJ(12)    0.0000        0.0000        0.0000        0.0000        0.0000        0.0000    
    C3H5OJ(13)    0.0000        0.0000        0.0000        0.0000        0.0000        0.0000    
    C3H6O         0.0000        0.0000        0.0000        0.0000        0.0000        0.0000    
    C2H5          0.0000        0.0000        0.0000        0.0000        0.0000        0.0000    
    H             0.0000        0.0000        0.0000        0.0000        0.0000        0.0000    
    O             0.0000        0.0000        0.0000        0.0000        0.0000        0.0000    
    O2            0.0000        0.0000        0.0000        0.0000        0.0000        0.0000    
    OH            0.0000        0.0000        0.0000        0.0000        0.0000        0.0000    
    HO2           0.0000        0.0000        0.0000        0.0000        0.0000        0.0000    
    H2O2          0.0000        0.0000        0.0000        0.0000        0.0000        0.0000    
    C             0.0000        0.0000        0.0000        0.0000        0.0000        0.0000    
    CH            0.0000        0.0000        0.0000        0.0000        0.0000        0.0000    
    CH2           0.0000        0.0000        0.0000        0.0000        0.0000        0.0000    
    CH2(S)        0.0000        0.0000        0.0000        0.0000        0.0000        0.0000    
    CH3           0.0000        0.0000        0.0000        0.0000        0.0000        0.0000    
    HCO           0.0000        0.0000        0.0000        0.0000        0.0000        0.0000    
    CH2OH         0.0000        0.0000        0.0000        0.0000        0.0000        0.0000    
    CH3O          0.0000        0.0000        0.0000        0.0000        0.0000        0.0000    
    C2H           0.0000        0.0000        0.0000        0.0000        0.0000        0.0000    
    HCCO          0.0000        0.0000        0.0000        0.0000        0.0000        0.0000    
    HCCOH         0.0000        0.0000        0.0000        0.0000        0.0000        0.0000    
    AR            0.0000        0.0000        0.0000        0.0000        0.0000        0.0000    
    C2O           0.0000        0.0000        0.0000        0.0000        0.0000        0.0000    
    HOC2H4O2      0.0000        0.0000        0.0000        0.0000        0.0000        0.0000    
    C3H2          0.0000        0.0000        0.0000        0.0000        0.0000        0.0000    
    pC3H3         0.0000        0.0000        0.0000        0.0000        0.0000        0.0000    
    aC3H5         0.0000        0.0000        0.0000        0.0000        0.0000        0.0000    
    pC3H5         0.0000        0.0000        0.0000        0.0000        0.0000        0.0000    
    sC3H5         0.0000        0.0000        0.0000        0.0000        0.0000        0.0000    
    C3H7-1        0.0000        0.0000        0.0000        0.0000        0.0000        0.0000    
    C3H7-2        0.0000        0.0000        0.0000        0.0000        0.0000        0.0000    
    C2H5O-1       0.0000        0.0000        0.0000        0.0000        0.0000        0.0000    
    C2H5O-2       0.0000        0.0000        0.0000        0.0000        0.0000        0.0000    
    C2H5O-3       0.0000        0.0000        0.0000        0.0000        0.0000        0.0000    
    C3H4O-enon    0.0000        0.0000        0.0000        0.0000        0.0000        0.0000    
    C3H4O         0.0000        0.0000        0.0000        0.0000        0.0000        0.0000    
    C4H7O-13      0.0000        0.0000        0.0000        0.0000        0.0000        0.0000    
    C4H2          0.0000        0.0000        0.0000        0.0000        0.0000        0.0000    
    iC4H3         0.0000        0.0000        0.0000        0.0000        0.0000        0.0000    
    nC4H3         0.0000        0.0000        0.0000        0.0000        0.0000        0.0000    
    C4H4          0.0000        0.0000        0.0000        0.0000        0.0000        0.0000    
    C4H5-113      0.0000        0.0000        0.0000        0.0000        0.0000        0.0000    
    nC4H5         0.0000        0.0000        0.0000        0.0000        0.0000        0.0000    
    iC4H5         0.0000        0.0000        0.0000        0.0000        0.0000        0.0000    
    C4H6-1        0.0000        0.0000        0.0000        0.0000        0.0000        0.0000    
    C4H6-12       0.0000        0.0000        0.0000        0.0000        0.0000        0.0000    
    C4H7-14       0.0000        0.0000        0.0000        0.0000        0.0000        0.0000    
    C4H7-11       0.0000        0.0000        0.0000        0.0000        0.0000        0.0000    
    C4H7-12       0.0000        0.0000        0.0000        0.0000        0.0000        0.0000    
    C4H7-24       0.0000        0.0000        0.0000        0.0000        0.0000        0.0000    
    C4H9-1        0.0000        0.0000        0.0000        0.0000        0.0000        0.0000    
    C4H9-2        0.0000        0.0000        0.0000        0.0000        0.0000        0.0000    
    C2H3O-1       0.0000        0.0000        0.0000        0.0000        0.0000        0.0000    
    C2H3O-2       0.0000        0.0000        0.0000        0.0000        0.0000        0.0000    
    C6H4          0.0000        0.0000        0.0000        0.0000        0.0000        0.0000    
    C6H5          0.0000        0.0000        0.0000        0.0000        0.0000        0.0000    
    C4H6-2        0.0000        0.0000        0.0000        0.0000        0.0000        0.0000    
    C4H7-22       0.0000        0.0000        0.0000        0.0000        0.0000        0.0000    
    CH3CO         0.0000        0.0000        0.0000        0.0000        0.0000        0.0000    
    C6H10         0.0000        0.0000        0.0000        0.0000        0.0000        0.0000    
    C6H9_1_2_5    0.0000        0.0000        0.0000        0.0000        0.0000        0.0000    
    C6H9_CYC_1    0.0000        0.0000        0.0000        0.0000        0.0000        0.0000    
    C6H8_CYC_1    0.0000        0.0000        0.0000        0.0000        0.0000        0.0000    
    C6H7_CYC_1    0.0000        0.0000        0.0000        0.0000        0.0000        0.0000    
    C6H10_CYC     0.0000        0.0000        0.0000        0.0000        0.0000        0.0000    
    C7H9          0.0000        0.0000        0.0000        0.0000        0.0000        0.0000    
    C8H8          0.0000        0.0000        0.0000        0.0000        0.0000        0.0000    
    C8H9          0.0000        0.0000        0.0000        0.0000        0.0000        0.0000    
    C7H8          0.0000        0.0000        0.0000        0.0000        0.0000        0.0000    
    C3H7O2        0.0000        0.0000        0.0000        0.0000        0.0000        0.0000    
    CH2CH2CH2O    0.0000        0.0000        0.0000        0.0000        0.0000        0.0000    
    aC3H5O2       0.0000        0.0000        0.0000        0.0000        0.0000        0.0000    
    nSPC(301)     0.0000        0.0000        0.0000        0.0000        0.0000        0.0000    
    nSPC(351)     0.0000        0.0000        0.0000        0.0000        0.0000        0.0000    
    nSPC(385)     0.0000        0.0000        0.0000        0.0000        0.0000        0.0000    
    nSPC(447)     0.0000        0.0000        0.0000        0.0000        0.0000        0.0000    
    nSPC(543)     0.0000        0.0000        0.0000        0.0000        0.0000        0.0000    
    nSPC(801)     0.0000        0.0000        0.0000        0.0000        0.0000        0.0000    
    nSPC(879)     0.0000        0.0000        0.0000        0.0000        0.0000        0.0000    
    nSPC(1064)    0.0000        0.0000        0.0000        0.0000        0.0000        0.0000    
    nSPC(102)     0.0000        0.0000        0.0000        0.0000        0.0000        0.0000    
    C4H8-2        0.0000        0.0000        0.0000        0.0000        0.0000        0.0000    
    C3H3O-enon    0.0000        0.0000        0.0000        0.0000        0.0000        0.0000    
    FULVENE       0.0000        0.0000        0.0000        0.0000        0.0000        0.0000    
    C6H5O         0.0000        0.0000        0.0000        0.0000        0.0000        0.0000    
    C5H5          0.0000        0.0000        0.0000        0.0000        0.0000        0.0000    
    C6H5OH        0.0000        0.0000        0.0000        0.0000        0.0000        0.0000    
    cyC5H6        0.0000        0.0000        0.0000        0.0000        0.0000        0.0000    
    C5H5CH3_1     0.0000        0.0000        0.0000        0.0000        0.0000        0.0000    
    C5H5CH3_2     0.0000        0.0000        0.0000        0.0000        0.0000        0.0000    
    C5H5CH3_3     0.0000        0.0000        0.0000        0.0000        0.0000        0.0000    
    C8H6          0.0000        0.0000        0.0000        0.0000        0.0000        0.0000    
    C6H5CH2       0.0000        0.0000        0.0000        0.0000        0.0000        0.0000    
    C6H5CCH2      0.0000        0.0000        0.0000        0.0000        0.0000        0.0000    
    C5H4CH3       0.0000        0.0000        0.0000        0.0000        0.0000        0.0000    
    C5H5CH2-1     0.0000        0.0000        0.0000        0.0000        0.0000        0.0000    
    C5H5CH2-2     0.0000        0.0000        0.0000        0.0000        0.0000        0.0000    
    C5H5CH2-3     0.0000        0.0000        0.0000        0.0000        0.0000        0.0000    
    ME2CYBE       0.0000        0.0000        0.0000        0.0000        0.0000        0.0000    
    c5h4chchch    0.0000        0.0000        0.0000        0.0000        0.0000        0.0000    
    C#CCCC#C      0.0000        0.0000        0.0000        0.0000        0.0000        0.0000    
    C*C*CC*C*C    0.0000        0.0000        0.0000        0.0000        0.0000        0.0000    
    CH3CCCH2      0.0000        0.0000        0.0000        0.0000        0.0000        0.0000    
    C4H4-123      0.0000        0.0000        0.0000        0.0000        0.0000        0.0000    
    C5H10_1       0.0000        0.0000        0.0000        0.0000        0.0000        0.0000    
    C5H9_1_4      0.0000        0.0000        0.0000        0.0000        0.0000        0.0000    
    C5H8_CYC_1    0.0000        0.0000        0.0000        0.0000        0.0000        0.0000    
    C5H9_CYC      0.0000        0.0000        0.0000        0.0000        0.0000        0.0000    
    C5H7_CYC_1    0.0000        0.0000        0.0000        0.0000        0.0000        0.0000    
    C4H7O_1_2     0.0000        0.0000        0.0000        0.0000        0.0000        0.0000    
    sBuOH         0.0000        0.0000        0.0000        0.0000        0.0000        0.0000    
    CH3C[OH]C2    0.0000        0.0000        0.0000        0.0000        0.0000        0.0000    
    CH3CH[OH]C    0.0000        0.0000        0.0000        0.0000        0.0000        0.0000    
    CH3CH[O]C2    0.0000        0.0000        0.0000        0.0000        0.0000        0.0000    
    CH2CH[OH]C    0.0000        0.0000        0.0000        0.0000        0.0000        0.0000    
    CH3CH[OH]C    0.0000        0.0000        0.0000        0.0000        0.0000        0.0000    
    CH3CH[OH]C    0.0000        0.0000        0.0000        0.0000        0.0000        0.0000    
    HOCHC2H5      0.0000        0.0000        0.0000        0.0000        0.0000        0.0000    
    H2CCCH3[OH    0.0000        0.0000        0.0000        0.0000        0.0000        0.0000    
    CH3CH-O-CH    0.0000        0.0000        0.0000        0.0000        0.0000        0.0000    
    CH3C[OH]CH    0.0000        0.0000        0.0000        0.0000        0.0000        0.0000    
    acetone       0.0000        0.0000        0.0000        0.0000        0.0000        0.0000    
    C2H5CHCHCH    0.0000        0.0000        0.0000        0.0000        0.0000        0.0000    
    CH2C[OH]CH    0.0000        0.0000        0.0000        0.0000        0.0000        0.0000    
    CH2C[O]CH3    0.0000        0.0000        0.0000        0.0000        0.0000        0.0000    
    CH3-O-C(CH    0.0000        0.0000        0.0000        0.0000        0.0000        0.0000    
    C3H6O-enol    0.0000        0.0000        0.0000        0.0000        0.0000        0.0000    
    MEK           0.0000        0.0000        0.0000        0.0000        0.0000        0.0000    
    sC4H8O        0.0000        0.0000        0.0000        0.0000        0.0000        0.0000    
    C4H6O(717)    0.0000        0.0000        0.0000        0.0000        0.0000        0.0000    
    cH2C[O]C2H    0.0000        0.0000        0.0000        0.0000        0.0000        0.0000    
    CH3C[O]cHC    0.0000        0.0000        0.0000        0.0000        0.0000        0.0000    
    CH3C[O]CH2    0.0000        0.0000        0.0000        0.0000        0.0000        0.0000    
    MEKenol2      0.0000        0.0000        0.0000        0.0000        0.0000        0.0000    
    CH2C[OH]cH    0.0000        0.0000        0.0000        0.0000        0.0000        0.0000    
    CH2C[OH]CH    0.0000        0.0000        0.0000        0.0000        0.0000        0.0000    
    cHC[OH]C2H    0.0000        0.0000        0.0000        0.0000        0.0000        0.0000    
    MEKenol       0.0000        0.0000        0.0000        0.0000        0.0000        0.0000    
    CH3CHcOH      0.0000        0.0000        0.0000        0.0000        0.0000        0.0000    
    CH3C[OH]cH    0.0000        0.0000        0.0000        0.0000        0.0000        0.0000    
    CH3C[OH]cC    0.0000        0.0000        0.0000        0.0000        0.0000        0.0000    
    CH3C[OH]CH    0.0000        0.0000        0.0000        0.0000        0.0000        0.0000    
    cH2CH[OH]C    0.0000        0.0000        0.0000        0.0000        0.0000        0.0000    
    CH3CH[OH]c    0.0000        0.0000        0.0000        0.0000        0.0000        0.0000    
    CH3CH[OH]C    0.0000        0.0000        0.0000        0.0000        0.0000        0.0000    
    CH3CH[o]C2    0.0000        0.0000        0.0000        0.0000        0.0000        0.0000    
    tBuOH         0.0000        0.0000        0.0000        0.0000        0.0000        0.0000    
    iC4H8         0.0000        0.0000        0.0000        0.0000        0.0000        0.0000    
    HOC[CH2][C    0.0000        0.0000        0.0000        0.0000        0.0000        0.0000    
    OC[CH3]3      0.0000        0.0000        0.0000        0.0000        0.0000        0.0000    
    iC4H7         0.0000        0.0000        0.0000        0.0000        0.0000        0.0000    
    HCC[CH3]2     0.0000        0.0000        0.0000        0.0000        0.0000        0.0000    
    tC4H9         0.0000        0.0000        0.0000        0.0000        0.0000        0.0000    
    iC4H9         0.0000        0.0000        0.0000        0.0000        0.0000        0.0000    
    iC4H10        0.0000        0.0000        0.0000        0.0000        0.0000        0.0000    
    sSPC(116)     0.0000        0.0000        0.0000        0.0000        0.0000        0.0000    
    sSPC(46)      0.0000        0.0000        0.0000        0.0000        0.0000        0.0000    
    sSPC(56)      0.0000        0.0000        0.0000        0.0000        0.0000        0.0000    
    sSPC(752)     0.0000        0.0000        0.0000        0.0000        0.0000        0.0000    
    sSPC(332)     0.0000        0.0000        0.0000        0.0000        0.0000        0.0000    
    sSPC(1013)    0.0000        0.0000        0.0000        0.0000        0.0000        0.0000    
    sSPC(1072)    0.0000        0.0000        0.0000        0.0000        0.0000        0.0000    
    sSPC(1151)    0.0000        0.0000        0.0000        0.0000        0.0000        0.0000    
    sSPC(1356)    0.0000        0.0000        0.0000        0.0000        0.0000        0.0000    
    sSPC(1697)    0.0000        0.0000        0.0000        0.0000        0.0000        0.0000    
    sSPC(1735)    0.0000        0.0000        0.0000        0.0000        0.0000        0.0000    
    sSPC(1909)    0.0000        0.0000        0.0000        0.0000        0.0000        0.0000    
    sSPC(3071)    0.0000        0.0000        0.0000        0.0000        0.0000        0.0000    
    sSPC(3121)    0.0000        0.0000        0.0000        0.0000        0.0000        0.0000    
    sSPC(2810)    0.0000        0.0000        0.0000        0.0000        0.0000        0.0000    
    sSPC(1474)    0.0000        0.0000        0.0000        0.0000        0.0000        0.0000    
    sSPC(1590)    0.0000        0.0000        0.0000        0.0000        0.0000        0.0000    
    tSPC(54)      0.0000        0.0000        0.0000        0.0000        0.0000        0.0000    
    tSPC(77)      0.0000        0.0000        0.0000        0.0000        0.0000        0.0000    
    tSPC(122)     0.0000        0.0000        0.0000        0.0000        0.0000        0.0000    
    tSPC(157)     0.0000        0.0000        0.0000        0.0000        0.0000        0.0000    
    tSPC(213)     0.0000        0.0000        0.0000        0.0000        0.0000        0.0000    
    tSPC(97)      0.0000        0.0000        0.0000        0.0000        0.0000        0.0000    
    tSPC(439)     0.0000        0.0000        0.0000        0.0000        0.0000        0.0000    
    tSPC(343)     0.0000        0.0000        0.0000        0.0000        0.0000        0.0000    
    tSPC(346)     0.0000        0.0000        0.0000        0.0000        0.0000        0.0000    
    tSPC(878)     0.0000        0.0000        0.0000        0.0000        0.0000        0.0000    
    H2CCCO        0.0000        0.0000        0.0000        0.0000        0.0000        0.0000    
    tSPC(1286)    0.0000        0.0000        0.0000        0.0000        0.0000        0.0000    
    tSPC(1416)    0.0000        0.0000        0.0000        0.0000        0.0000        0.0000    
    tSPC(1553)    0.0000        0.0000        0.0000        0.0000        0.0000        0.0000    
    C8H14         0.0000        0.0000        0.0000        0.0000        0.0000        0.0000    
    tSPC(3683)    0.0000        0.0000        0.0000        0.0000        0.0000        0.0000    
    C4H8O2(62)    0.0000        0.0000        0.0000        0.0000        0.0000        0.0000    
    C4H7OJ(79)    0.0000        0.0000        0.0000        0.0000        0.0000        0.0000    
    tSPC(110)     0.0000        0.0000        0.0000        0.0000        0.0000        0.0000    
    C4H6O(105)    0.0000        0.0000        0.0000        0.0000        0.0000        0.0000    
    C5H10_iso     0.0000        0.0000        0.0000        0.0000        0.0000        0.0000    
    C5H9J(5)      0.0000        0.0000        0.0000        0.0000        0.0000        0.0000    
    C5H9J(7)      0.0000        0.0000        0.0000        0.0000        0.0000        0.0000    
    C5H9J(8)      0.0000        0.0000        0.0000        0.0000        0.0000        0.0000    
    C5H9J(9)      0.0000        0.0000        0.0000        0.0000        0.0000        0.0000    
    C5H11J(10)    0.0000        0.0000        0.0000        0.0000        0.0000        0.0000    
    C5H11J(11)    0.0000        0.0000        0.0000        0.0000        0.0000        0.0000    
    C5H8(95)      0.0000        0.0000        0.0000        0.0000        0.0000        0.0000    
    SPC(482)      0.0000        0.0000        0.0000        0.0000        0.0000        0.0000    
    SPC(483)      0.0000        0.0000        0.0000        0.0000        0.0000        0.0000    
    C5H7J(504)    0.0000        0.0000        0.0000        0.0000        0.0000        0.0000    
    SPC(493)      0.0000        0.0000        0.0000        0.0000        0.0000        0.0000    
    SPC(494)      0.0000        0.0000        0.0000        0.0000        0.0000        0.0000    
    SPC(495)      0.0000        0.0000        0.0000        0.0000        0.0000        0.0000    
    SPC(496)      0.0000        0.0000        0.0000        0.0000        0.0000        0.0000    
    SPC(498)      0.0000        0.0000        0.0000        0.0000        0.0000        0.0000    
    SPC(499)      0.0000        0.0000        0.0000        0.0000        0.0000        0.0000    
    C6H7J(511)    0.0000        0.0000        0.0000        0.0000        0.0000        0.0000    
    C6H7J(512)    0.0000        0.0000        0.0000        0.0000        0.0000        0.0000    
    C6H7J(505)    0.0000        0.0000        0.0000        0.0000        0.0000        0.0000    
    C6H7J(506)    0.0000        0.0000        0.0000        0.0000        0.0000        0.0000    
    C8H13J(41)    0.0000        0.0000        0.0000        0.0000        0.0000        0.0000    
    C8H15J(44)    0.0000        0.0000        0.0000        0.0000        0.0000        0.0000    
    SPC(425)      0.0000        0.0000        0.0000        0.0000        0.0000        0.0000    
    SPC(426)      0.0000        0.0000        0.0000        0.0000        0.0000        0.0000    
    C7H10(454)    0.0000        0.0000        0.0000        0.0000        0.0000        0.0000    

========================================================================================================================




========================================================================================================================
                              PSPRNT: Printing of current solution from DDASPK:
========================================================================================================================


   DDASPK Plug-flow Solution at Distance =   0.0000E+00 cm

               RESIDENCE TIME                 0.0000E+00  SEC
               MASS FLOW RATE                 6.7483E-02  GM/SEC
               PRESSURE                        1.678      ATM
               MASS DENSITY                   2.2514E-03  GM/CM^3
               VELOCITY                        106.0      CM/S
               CROSS-FLOW AREA                0.2827      CM^2
               LOCAL DADX                      0.000      CM
               INT. SURFACE AREA PER LENGTH    1.885      CM
               EXT. SURFACE AREA PER LENGTH    1.885      CM
               GAS CHEM HEAT PRODUCTION      -3.3997E+18  CAL/S/CM^3
               TEMPERATURE (FIXED)             673.1      K
               SURF TEMP, MATERIAL1             673.1500  K  (same as gas temp)


   REACTOR GAS PHASE MOLE FRACTIONS 

    H2              =   0.000           CO2             =   0.000           CO              =   0.000    
    CH4             =   0.000           C2H4            =   0.000           C2H2            =   0.000    
    C2H6            =   0.000           C3H6            =   0.000           C3H8            =   0.000    
    aC3H4           =   0.000           pC3H4           =   0.000           CH3OH           =   0.000    
    C4H8-1          =   0.000           C4H6-13         =   0.000           nC4H10          =   0.000    
    N2              =   0.000           C2H5OH          =   0.000           benzene         =   0.000    
    nC4H10O         =   1.000           C2H3            =   0.000           CH2CO           =   0.000    
    C2H4O           =   0.000           CH3CHO          =   0.000           H2O             =   0.000    
    nC4H8O          =   0.000           C4H7OJ(8)       =   0.000           C4H7OJ(12)      =   0.000    
    C4H7OJ(13)      =   0.000           C4H7OJ(16)      =   0.000           CH2CHO          =   0.000    
    C3H6O-enol2     =   0.000           C3H5O-enol2     =   0.000           CH2O            =   0.000    
    C4H8O-enol      =   0.000           C4H8O-enol2     =   0.000           C4H8O-enol3     =   0.000    
    C4H9O-1         =   0.000           C4H9O-2         =   0.000           C4H9O-3         =   0.000    
    C4H9O-4         =   0.000           C4H9O-5         =   0.000           C3H7O-N1        =   0.000    
    C3H5OJ(8)       =   0.000           C3H5OJ(12)      =   0.000           C3H5OJ(13)      =   0.000    
    C3H6O           =   0.000           C2H5            =   0.000           H               =   0.000    
    O               =   0.000           O2              =   0.000           OH              =   0.000    
    HO2             =   0.000           H2O2            =   0.000           C               =   0.000    
    CH              =   0.000           CH2             =   0.000           CH2(S)          =   0.000    
    CH3             =   0.000           HCO             =   0.000           CH2OH           =   0.000    
    CH3O            =   0.000           C2H             =   0.000           HCCO            =   0.000    
    HCCOH           =   0.000           AR              =   0.000           C2O             =   0.000    
    HOC2H4O2        =   0.000           C3H2            =   0.000           pC3H3           =   0.000    
    aC3H5           =   0.000           pC3H5           =   0.000           sC3H5           =   0.000    
    C3H7-1          =   0.000           C3H7-2          =   0.000           C2H5O-1         =   0.000    
    C2H5O-2         =   0.000           C2H5O-3         =   0.000           C3H4O-enone     =   0.000    
    C3H4O           =   0.000           C4H7O-13        =   0.000           C4H2            =   0.000    
    iC4H3           =   0.000           nC4H3           =   0.000           C4H4            =   0.000    
    C4H5-113        =   0.000           nC4H5           =   0.000           iC4H5           =   0.000    
    C4H6-1          =   0.000           C4H6-12         =   0.000           C4H7-14         =   0.000    
    C4H7-11         =   0.000           C4H7-12         =   0.000           C4H7-24         =   0.000    
    C4H9-1          =   0.000           C4H9-2          =   0.000           C2H3O-1         =   0.000    
    C2H3O-2         =   0.000           C6H4            =   0.000           C6H5            =   0.000    
    C4H6-2          =   0.000           C4H7-22         =   0.000           CH3CO           =   0.000    
    C6H10           =   0.000           C6H9_1_2_5      =   0.000           C6H9_CYC_1_3    =   0.000    
    C6H8_CYC_1_4    =   0.000           C6H7_CYC_1_2    =   0.000           C6H10_CYC       =   0.000    
    C7H9            =   0.000           C8H8            =   0.000           C8H9            =   0.000    
    C7H8            =   0.000           C3H7O2          =   0.000           CH2CH2CH2OOH    =   0.000    
    aC3H5O2         =   0.000           nSPC(301)       =   0.000           nSPC(351)       =   0.000    
    nSPC(385)       =   0.000           nSPC(447)       =   0.000           nSPC(543)       =   0.000    
    nSPC(801)       =   0.000           nSPC(879)       =   0.000           nSPC(1064)      =   0.000    
    nSPC(102)       =   0.000           C4H8-2          =   0.000           C3H3O-enone     =   0.000    
    FULVENE         =   0.000           C6H5O           =   0.000           C5H5            =   0.000    
    C6H5OH          =   0.000           cyC5H6          =   0.000           C5H5CH3_1       =   0.000    
    C5H5CH3_2       =   0.000           C5H5CH3_3       =   0.000           C8H6            =   0.000    
    C6H5CH2         =   0.000           C6H5CCH2        =   0.000           C5H4CH3         =   0.000    
    C5H5CH2-1       =   0.000           C5H5CH2-2       =   0.000           C5H5CH2-3       =   0.000    
    ME2CYBE         =   0.000           c5h4chchch2     =   0.000           C#CCCC#C        =   0.000    
    C*C*CC*C*C      =   0.000           CH3CCCH2        =   0.000           C4H4-123        =   0.000    
    C5H10_1         =   0.000           C5H9_1_4        =   0.000           C5H8_CYC_1      =   0.000    
    C5H9_CYC        =   0.000           C5H7_CYC_1_2    =   0.000           C4H7O_1_2       =   0.000    
    sBuOH           =   0.000           CH3C[OH]C2H5    =   0.000           CH3CH[OH]CHCH3  =   0.000    
    CH3CH[O]C2H5    =   0.000           CH2CH[OH]C2H5   =   0.000           CH3CH[OH]CH2CH2 =   0.000    
    CH3CH[OH]CH2    =   0.000           HOCHC2H5        =   0.000           H2CCCH3[OH]     =   0.000    
    CH3CH-O-CH3     =   0.000           CH3C[OH]CH3     =   0.000           acetone         =   0.000    
    C2H5CHCHCH2     =   0.000           CH2C[OH]CH2     =   0.000           CH2C[O]CH3      =   0.000    
    CH3-O-C(CH3)2   =   0.000           C3H6O-enol      =   0.000           MEK             =   0.000    
    sC4H8O          =   0.000           C4H6O(717)      =   0.000           cH2C[O]C2H5     =   0.000    
    CH3C[O]cHCH3    =   0.000           CH3C[O]CH2cH2   =   0.000           MEKenol2        =   0.000    
    CH2C[OH]cHCH3   =   0.000           CH2C[OH]CH2cH2  =   0.000           cHC[OH]C2H5     =   0.000    
    MEKenol         =   0.000           CH3CHcOH        =   0.000           CH3C[OH]cH      =   0.000    
    CH3C[OH]cCH3    =   0.000           CH3C[OH]CHcH2   =   0.000           cH2CH[OH]C2H3   =   0.000    
    CH3CH[OH]cCH2   =   0.000           CH3CH[OH]CHcH   =   0.000           CH3CH[o]C2H3    =   0.000    
    tBuOH           =   0.000           iC4H8           =   0.000           HOC[CH2][CH3]2  =   0.000    
    OC[CH3]3        =   0.000           iC4H7           =   0.000           HCC[CH3]2       =   0.000    
    tC4H9           =   0.000           iC4H9           =   0.000           iC4H10          =   0.000    
    sSPC(116)       =   0.000           sSPC(46)        =   0.000           sSPC(56)        =   0.000    
    sSPC(752)       =   0.000           sSPC(332)       =   0.000           sSPC(1013)      =   0.000    
    sSPC(1072)      =   0.000           sSPC(1151)      =   0.000           sSPC(1356)      =   0.000    
    sSPC(1697)      =   0.000           sSPC(1735)      =   0.000           sSPC(1909)      =   0.000    
    sSPC(3071)      =   0.000           sSPC(3121)      =   0.000           sSPC(2810)      =   0.000    
    sSPC(1474)      =   0.000           sSPC(1590)      =   0.000           tSPC(54)        =   0.000    
    tSPC(77)        =   0.000           tSPC(122)       =   0.000           tSPC(157)       =   0.000    
    tSPC(213)       =   0.000           tSPC(97)        =   0.000           tSPC(439)       =   0.000    
    tSPC(343)       =   0.000           tSPC(346)       =   0.000           tSPC(878)       =   0.000    
    H2CCCO          =   0.000           tSPC(1286)      =   0.000           tSPC(1416)      =   0.000    
    tSPC(1553)      =   0.000           C8H14           =   0.000           tSPC(3683)      =   0.000    
    C4H8O2(62)      =   0.000           C4H7OJ(79)      =   0.000           tSPC(110)       =   0.000    
    C4H6O(105)      =   0.000           C5H10_iso       =   0.000           C5H9J(5)        =   0.000    
    C5H9J(7)        =   0.000           C5H9J(8)        =   0.000           C5H9J(9)        =   0.000    
    C5H11J(10)      =   0.000           C5H11J(11)      =   0.000           C5H8(95)        =   0.000    
    SPC(482)        =   0.000           SPC(483)        =   0.000           C5H7J(504)      =   0.000    
    SPC(493)        =   0.000           SPC(494)        =   0.000           SPC(495)        =   0.000    
    SPC(496)        =   0.000           SPC(498)        =   0.000           SPC(499)        =   0.000    
    C6H7J(511)      =   0.000           C6H7J(512)      =   0.000           C6H7J(505)      =   0.000    
    C6H7J(506)      =   0.000           C8H13J(41)      =   0.000           C8H15J(44)      =   0.000    
    SPC(425)        =   0.000           SPC(426)        =   0.000           C7H10(454)      =   0.000    
 
   Volatile Organic Compounds (ppm):  4.0000E+06
   Unburned Hydrocarbons      (ppm):   0.000    
 

========================================================================================================================


 DASPK--  AT T (=R1) AND STEPSIZE H (=R2)                                        
      In above,  R1 =  0.0000000000000D+00   R2 =  0.8644849628751D-05
 DASPK--  IRES WAS EQUAL TO MINUS TWO                                            
 
 THE SOLVER HAS ENCOUNTERED A RECOVERABLE ERROR
 --NEGATIVE PRESSURE AND/OR TEMPERATURE--
 
 REPEAT THE LAST TIME STEP WITH A LOWER ORDER INTEGRATION SCHEME
 
 DASPK--  AT T (=R1) AND STEPSIZE H (=R2) THE                                    
      In above,  R1 =  0.8644849628751D-05   R2 =  0.1648874212027D-10
 DASPK--  ITERATION MATRIX IS SINGULAR.                                          


========================================================================================================================
                              PSPRNT: Printing of current solution from DDASPK:
========================================================================================================================


   DDASPK Plug-flow Solution at Distance =   8.6448E-06 cm

               RESIDENCE TIME                 1.5977E+26  SEC
               MASS FLOW RATE                -2.7230E+65  GM/SEC
               PRESSURE                        1.678      ATM
               MASS DENSITY                   NaN         GM/CM^3
               VELOCITY                      -2.0770E+35  CM/S
               CROSS-FLOW AREA                0.2827      CM^2
               LOCAL DADX                      0.000      CM
               INT. SURFACE AREA PER LENGTH    1.885      CM
               EXT. SURFACE AREA PER LENGTH    1.885      CM
               GAS CHEM HEAT PRODUCTION       NaN         CAL/S/CM^3
               TEMPERATURE (FIXED)            NaN         K
               SURF TEMP, MATERIAL1           NaN         K  (same as gas temp)


   REACTOR GAS PHASE MOLE FRACTIONS 

    H2              =  NaN              CO2             =  NaN              CO              =  NaN       
    CH4             =  NaN              C2H4            =  NaN              C2H2            =  NaN       
    C2H6            =  NaN              C3H6            =  NaN              C3H8            =  NaN       
    aC3H4           =  NaN              pC3H4           =  NaN              CH3OH           =  NaN       
    C4H8-1          =  NaN              C4H6-13         =  NaN              nC4H10          =  NaN       
    N2              =  NaN              C2H5OH          =  NaN              benzene         =  NaN       
    nC4H10O         =  NaN              C2H3            =  NaN              CH2CO           =  NaN       
    C2H4O           =  NaN              CH3CHO          =  NaN              H2O             =  NaN       
    nC4H8O          =  NaN              C4H7OJ(8)       =  NaN              C4H7OJ(12)      =  NaN       
    C4H7OJ(13)      =  NaN              C4H7OJ(16)      =  NaN              CH2CHO          =  NaN       
    C3H6O-enol2     =  NaN              C3H5O-enol2     =  NaN              CH2O            =  NaN       
    C4H8O-enol      =  NaN              C4H8O-enol2     =  NaN              C4H8O-enol3     =  NaN       
    C4H9O-1         =  NaN              C4H9O-2         =  NaN              C4H9O-3         =  NaN       
    C4H9O-4         =  NaN              C4H9O-5         =  NaN              C3H7O-N1        =  NaN       
    C3H5OJ(8)       =  NaN              C3H5OJ(12)      =  NaN              C3H5OJ(13)      =  NaN       
    C3H6O           =  NaN              C2H5            =  NaN              H               =  NaN       
    O               =  NaN              O2              =  NaN              OH              =  NaN       
    HO2             =  NaN              H2O2            =  NaN              C               =  NaN       
    CH              =  NaN              CH2             =  NaN              CH2(S)          =  NaN       
    CH3             =  NaN              HCO             =  NaN              CH2OH           =  NaN       
    CH3O            =  NaN              C2H             =  NaN              HCCO            =  NaN       
    HCCOH           =  NaN              AR              =  NaN              C2O             =  NaN       
    HOC2H4O2        =  NaN              C3H2            =  NaN              pC3H3           =  NaN       
    aC3H5           =  NaN              pC3H5           =  NaN              sC3H5           =  NaN       
    C3H7-1          =  NaN              C3H7-2          =  NaN              C2H5O-1         =  NaN       
    C2H5O-2         =  NaN              C2H5O-3         =  NaN              C3H4O-enone     =  NaN       
    C3H4O           =  NaN              C4H7O-13        =  NaN              C4H2            =  NaN       
    iC4H3           =  NaN              nC4H3           =  NaN              C4H4            =  NaN       
    C4H5-113        =  NaN              nC4H5           =  NaN              iC4H5           =  NaN       
    C4H6-1          =  NaN              C4H6-12         =  NaN              C4H7-14         =  NaN       
    C4H7-11         =  NaN              C4H7-12         =  NaN              C4H7-24         =  NaN       
    C4H9-1          =  NaN              C4H9-2          =  NaN              C2H3O-1         =  NaN       
    C2H3O-2         =  NaN              C6H4            =  NaN              C6H5            =  NaN       
    C4H6-2          =  NaN              C4H7-22         =  NaN              CH3CO           =  NaN       
    C6H10           =  NaN              C6H9_1_2_5      =  NaN              C6H9_CYC_1_3    =  NaN       
    C6H8_CYC_1_4    =  NaN              C6H7_CYC_1_2    =  NaN              C6H10_CYC       =  NaN       
    C7H9            =  NaN              C8H8            =  NaN              C8H9            =  NaN       
    C7H8            =  NaN              C3H7O2          =  NaN              CH2CH2CH2OOH    =  NaN       
    aC3H5O2         =  NaN              nSPC(301)       =  NaN              nSPC(351)       =  NaN       
    nSPC(385)       =  NaN              nSPC(447)       =  NaN              nSPC(543)       =  NaN       
    nSPC(801)       =  NaN              nSPC(879)       =  NaN              nSPC(1064)      =  NaN       
    nSPC(102)       =  NaN              C4H8-2          =  NaN              C3H3O-enone     =  NaN       
    FULVENE         =  NaN              C6H5O           =  NaN              C5H5            =  NaN       
    C6H5OH          =  NaN              cyC5H6          =  NaN              C5H5CH3_1       =  NaN       
    C5H5CH3_2       =  NaN              C5H5CH3_3       =  NaN              C8H6            =  NaN       
    C6H5CH2         =  NaN              C6H5CCH2        =  NaN              C5H4CH3         =  NaN       
    C5H5CH2-1       =  NaN              C5H5CH2-2       =  NaN              C5H5CH2-3       =  NaN       
    ME2CYBE         =  NaN              c5h4chchch2     =  NaN              C#CCCC#C        =  NaN       
    C*C*CC*C*C      =  NaN              CH3CCCH2        =  NaN              C4H4-123        =  NaN       
    C5H10_1         =  NaN              C5H9_1_4        =  NaN              C5H8_CYC_1      =  NaN       
    C5H9_CYC        =  NaN              C5H7_CYC_1_2    =  NaN              C4H7O_1_2       =  NaN       
    sBuOH           =  NaN              CH3C[OH]C2H5    =  NaN              CH3CH[OH]CHCH3  =  NaN       
    CH3CH[O]C2H5    =  NaN              CH2CH[OH]C2H5   =  NaN              CH3CH[OH]CH2CH2 =  NaN       
    CH3CH[OH]CH2    =  NaN              HOCHC2H5        =  NaN              H2CCCH3[OH]     =  NaN       
    CH3CH-O-CH3     =  NaN              CH3C[OH]CH3     =  NaN              acetone         =  NaN       
    C2H5CHCHCH2     =  NaN              CH2C[OH]CH2     =  NaN              CH2C[O]CH3      =  NaN       
    CH3-O-C(CH3)2   =  NaN              C3H6O-enol      =  NaN              MEK             =  NaN       
    sC4H8O          =  NaN              C4H6O(717)      =  NaN              cH2C[O]C2H5     =  NaN       
    CH3C[O]cHCH3    =  NaN              CH3C[O]CH2cH2   =  NaN              MEKenol2        =  NaN       
    CH2C[OH]cHCH3   =  NaN              CH2C[OH]CH2cH2  =  NaN              cHC[OH]C2H5     =  NaN       
    MEKenol         =  NaN              CH3CHcOH        =  NaN              CH3C[OH]cH      =  NaN       
    CH3C[OH]cCH3    =  NaN              CH3C[OH]CHcH2   =  NaN              cH2CH[OH]C2H3   =  NaN       
    CH3CH[OH]cCH2   =  NaN              CH3CH[OH]CHcH   =  NaN              CH3CH[o]C2H3    =  NaN       
    tBuOH           =  NaN              iC4H8           =  NaN              HOC[CH2][CH3]2  =  NaN       
    OC[CH3]3        =  NaN              iC4H7           =  NaN              HCC[CH3]2       =  NaN       
    tC4H9           =  NaN              iC4H9           =  NaN              iC4H10          =  NaN       
    sSPC(116)       =  NaN              sSPC(46)        =  NaN              sSPC(56)        =  NaN       
    sSPC(752)       =  NaN              sSPC(332)       =  NaN              sSPC(1013)      =  NaN       
    sSPC(1072)      =  NaN              sSPC(1151)      =  NaN              sSPC(1356)      =  NaN       
    sSPC(1697)      =  NaN              sSPC(1735)      =  NaN              sSPC(1909)      =  NaN       
    sSPC(3071)      =  NaN              sSPC(3121)      =  NaN              sSPC(2810)      =  NaN       
    sSPC(1474)      =  NaN              sSPC(1590)      =  NaN              tSPC(54)        =  NaN       
    tSPC(77)        =  NaN              tSPC(122)       =  NaN              tSPC(157)       =  NaN       
    tSPC(213)       =  NaN              tSPC(97)        =  NaN              tSPC(439)       =  NaN       
    tSPC(343)       =  NaN              tSPC(346)       =  NaN              tSPC(878)       =  NaN       
    H2CCCO          =  NaN              tSPC(1286)      =  NaN              tSPC(1416)      =  NaN       
    tSPC(1553)      =  NaN              C8H14           =  NaN              tSPC(3683)      =  NaN       
    C4H8O2(62)      =  NaN              C4H7OJ(79)      =  NaN              tSPC(110)       =  NaN       
    C4H6O(105)      =  NaN              C5H10_iso       =  NaN              C5H9J(5)        =  NaN       
    C5H9J(7)        =  NaN              C5H9J(8)        =  NaN              C5H9J(9)        =  NaN       
    C5H11J(10)      =  NaN              C5H11J(11)      =  NaN              C5H8(95)        =  NaN       
    SPC(482)        =  NaN              SPC(483)        =  NaN              C5H7J(504)      =  NaN       
    SPC(493)        =  NaN              SPC(494)        =  NaN              SPC(495)        =  NaN       
    SPC(496)        =  NaN              SPC(498)        =  NaN              SPC(499)        =  NaN       
    C6H7J(511)      =  NaN              C6H7J(512)      =  NaN              C6H7J(505)      =  NaN       
    C6H7J(506)      =  NaN              C8H13J(41)      =  NaN              C8H15J(44)      =  NaN       
    SPC(425)        =  NaN              SPC(426)        =  NaN              C7H10(454)      =  NaN       
 
   Volatile Organic Compounds (ppm):  NaN       
   Unburned Hydrocarbons      (ppm):  NaN       
 

========================================================================================================================




          TASK INTERRUPTED: TROUBLE IN THE TRANSIENT SOLVER DDASPK

          THE MATRIX OF PARTIAL DERIVATIVES MAYBE SINGULAR

========================================================================================================================
     PEAK TEMPERATURE AND PRESSURE INFORMATION:
          Peak gas temperature =    673.1     K
          Peak gas pressure    =   1.7000E+06 dyne/cm^2
========================================================================================================================



***NOTE:  There are WARNING messages in the printout above***

***NOTE:  There are ERROR messages in the printout above***

ERROR condition returned from AURORA


 Total CPUtime: 39 (seconds)
